mode: set
github.com/angeledugo/drawing_tool_go/main.go:10.13,12.16 2 0
github.com/angeledugo/drawing_tool_go/main.go:12.16,15.3 2 0
github.com/angeledugo/drawing_tool_go/main.go:17.2,21.16 4 0
github.com/angeledugo/drawing_tool_go/main.go:21.16,24.3 2 0
github.com/angeledugo/drawing_tool_go/main.go:26.2,26.76 1 0
github.com/angeledugo/drawing_tool_go/services/DrawingTool.go:13.61,15.35 2 0
github.com/angeledugo/drawing_tool_go/services/DrawingTool.go:15.35,17.3 1 0
github.com/angeledugo/drawing_tool_go/services/DrawingTool.go:18.2,18.26 1 0
github.com/angeledugo/drawing_tool_go/services/DrawingTool.go:22.55,24.18 2 0
github.com/angeledugo/drawing_tool_go/services/DrawingTool.go:25.11,28.33 3 0
github.com/angeledugo/drawing_tool_go/services/DrawingTool.go:29.11,31.30 2 0
github.com/angeledugo/drawing_tool_go/services/DrawingTool.go:32.11,34.35 2 0
github.com/angeledugo/drawing_tool_go/services/DrawingTool.go:35.11,38.29 3 0
github.com/angeledugo/drawing_tool_go/services/DrawingTool.go:43.56,45.27 2 1
github.com/angeledugo/drawing_tool_go/services/DrawingTool.go:45.27,47.31 2 1
github.com/angeledugo/drawing_tool_go/services/DrawingTool.go:47.31,48.31 1 1
github.com/angeledugo/drawing_tool_go/services/DrawingTool.go:48.31,50.5 1 1
github.com/angeledugo/drawing_tool_go/services/DrawingTool.go:50.10,50.37 1 1
github.com/angeledugo/drawing_tool_go/services/DrawingTool.go:50.37,52.5 1 1
github.com/angeledugo/drawing_tool_go/services/DrawingTool.go:52.10,54.5 1 1
github.com/angeledugo/drawing_tool_go/services/DrawingTool.go:59.53,60.14 1 1
github.com/angeledugo/drawing_tool_go/services/DrawingTool.go:60.14,61.47 1 1
github.com/angeledugo/drawing_tool_go/services/DrawingTool.go:61.47,63.4 1 1
github.com/angeledugo/drawing_tool_go/services/DrawingTool.go:64.8,64.21 1 1
github.com/angeledugo/drawing_tool_go/services/DrawingTool.go:64.21,65.47 1 1
github.com/angeledugo/drawing_tool_go/services/DrawingTool.go:65.47,67.4 1 1
github.com/angeledugo/drawing_tool_go/services/DrawingTool.go:71.58,76.2 4 1
github.com/angeledugo/drawing_tool_go/services/DrawingTool.go:78.46,80.32 2 0
github.com/angeledugo/drawing_tool_go/services/DrawingTool.go:80.32,83.3 2 0
github.com/angeledugo/drawing_tool_go/services/DrawingTool.go:84.2,84.39 1 0
github.com/angeledugo/drawing_tool_go/services/DrawingTool.go:87.57,90.2 2 1
github.com/angeledugo/drawing_tool_go/services/DrawingTool.go:92.75,93.69 1 1
github.com/angeledugo/drawing_tool_go/services/DrawingTool.go:93.69,95.3 1 0
github.com/angeledugo/drawing_tool_go/services/DrawingTool.go:96.2,96.36 1 1
github.com/angeledugo/drawing_tool_go/services/DrawingTool.go:96.36,98.3 1 1
github.com/angeledugo/drawing_tool_go/services/DrawingTool.go:99.2,103.48 5 1
github.com/angeledugo/drawing_tool_go/services/DrawingTool.go:106.25,110.2 3 0
github.com/angeledugo/drawing_tool_go/services/DrawingTool.go:112.24,113.11 1 1
github.com/angeledugo/drawing_tool_go/services/DrawingTool.go:113.11,115.3 1 1
github.com/angeledugo/drawing_tool_go/services/DrawingTool.go:116.2,116.10 1 0
github.com/angeledugo/drawing_tool_go/services/DrawingTool.go:119.24,120.11 1 1
github.com/angeledugo/drawing_tool_go/services/DrawingTool.go:120.11,122.3 1 0
github.com/angeledugo/drawing_tool_go/services/DrawingTool.go:123.2,123.10 1 1
